<?xml version="1.0" encoding="UTF-8"?>
<!-- Generated by org.testng.reporters.JUnitXMLReporter -->
<testsuite ignored="0" hostname="idea-PC" failures="0" tests="2" name="Default test" time="0.221" errors="0" timestamp="2022-09-17T16:35:27 IST">
  <testcase classname="pract1.TestNG1" name="@BeforeTest beforetest" time="-1.663412726837E9">
    <failure type="org.testng.TestNGException" message="
Parameter &amp;apos;browser&amp;apos; is required by BeforeTest on method beforetest but has not been marked @Optional or defined
in C:\Users\AKASH\AppData\Local\Temp\testng-eclipse--1364146057\testng-customsuite.xml">
      <![CDATA[org.testng.TestNGException: 
Parameter 'browser' is required by BeforeTest on method beforetest but has not been marked @Optional or defined
in C:\Users\AKASH\AppData\Local\Temp\testng-eclipse--1364146057\testng-customsuite.xml
at org.testng.internal.Parameters.createParams(Parameters.java:270)
at org.testng.internal.Parameters.createParametersForMethod(Parameters.java:358)
at org.testng.internal.Parameters.createParameters(Parameters.java:700)
at org.testng.internal.Parameters.createConfigurationParameters(Parameters.java:168)
at org.testng.internal.ConfigInvoker.invokeConfigurations(ConfigInvoker.java:302)
at org.testng.TestRunner.invokeTestConfigurations(TestRunner.java:637)
at org.testng.TestRunner.beforeRun(TestRunner.java:627)
at org.testng.TestRunner.run(TestRunner.java:589)
at org.testng.SuiteRunner.runTest(SuiteRunner.java:377)
at org.testng.SuiteRunner.runSequentially(SuiteRunner.java:371)
at org.testng.SuiteRunner.privateRun(SuiteRunner.java:332)
at org.testng.SuiteRunner.run(SuiteRunner.java:276)
at org.testng.SuiteRunnerWorker.runSuite(SuiteRunnerWorker.java:53)
at org.testng.SuiteRunnerWorker.run(SuiteRunnerWorker.java:96)
at org.testng.TestNG.runSuitesSequentially(TestNG.java:1212)
at org.testng.TestNG.runSuitesLocally(TestNG.java:1134)
at org.testng.TestNG.runSuites(TestNG.java:1063)
at org.testng.TestNG.run(TestNG.java:1031)
at org.testng.remote.AbstractRemoteTestNG.run(AbstractRemoteTestNG.java:115)
at org.testng.remote.RemoteTestNG.initAndRun(RemoteTestNG.java:251)
at org.testng.remote.RemoteTestNG.main(RemoteTestNG.java:77)
]]>
    </failure>
  </testcase> <!-- @BeforeTest beforetest -->
  <testcase classname="pract1.TestNG1" name="@BeforeClass createPOMobject" time="-1.663412726923E9">
    <skipped/>
  </testcase> <!-- @BeforeClass createPOMobject -->
  <testcase classname="pract1.TestNG1" name="@BeforeMethod openloginpage" time="-1.66341272697E9">
    <skipped/>
  </testcase> <!-- @BeforeMethod openloginpage -->
  <testcase classname="pract1.TestNG1" name="@AfterMethod logoutfromapplication" time="-1.663412727001E9">
    <skipped/>
  </testcase> <!-- @AfterMethod logoutfromapplication -->
  <testcase classname="pract1.TestNG1" name="@BeforeMethod openloginpage" time="-1.663412727007E9">
    <skipped/>
  </testcase> <!-- @BeforeMethod openloginpage -->
  <testcase classname="pract1.TestNG1" name="@AfterMethod logoutfromapplication" time="-1.66341272702E9">
    <skipped/>
  </testcase> <!-- @AfterMethod logoutfromapplication -->
  <testcase classname="pract1.TestNG1" name="@AfterClass clearobjects" time="-1.663412727026E9">
    <skipped/>
  </testcase> <!-- @AfterClass clearobjects -->
  <testcase classname="pract1.TestNG1" name="@AfterTest closebrowser" time="-1.663412727044E9">
    <skipped/>
  </testcase> <!-- @AfterTest closebrowser -->
  <testcase classname="pract1.TestNG1" name="contactToHlepCenter" time="0.0">
    <skipped/>
  </testcase> <!-- contactToHlepCenter -->
  <testcase classname="pract1.TestNG1" name="verifyReturnToMessage" time="0.0">
    <skipped/>
  </testcase> <!-- verifyReturnToMessage -->
</testsuite> <!-- Default test -->
